[35m[Appium][39m Welcome to Appium v1.22.3
[35m[Appium][39m Non-default server args:
[35m[Appium][39m   port: 52042
[35m[Appium][39m   tmpDir: C:\Users\akbar\AppData\Local\Temp\\Katalon\Appium\Temp1692713180897
[35m[Appium][39m   chromedriverPort: 52043
[35m[Appium][39m Deprecated server args:
[35m[Appium][39m   [31m--chromedriver-port[39m => --default-capabilities
[35m[Appium][39m Default capabilities, which will be added to each request unless overridden by desired capabilities:
[35m[Appium][39m   chromedriverPort: 52043
[35m[Appium][39m Appium REST http interface listener started on 0.0.0.0:52042
[35m[HTTP][39m [37m-->[39m [37mGET[39m [37m/wd/hub/status[39m
[35m[HTTP][39m [90m{}[39m
[debug] [35m[GENERIC][39m Calling AppiumDriver.getStatus() with args: []
[debug] [35m[GENERIC][39m Responding to client with driver.getStatus() result: {"build":{"version":"1.22.3"}}
[35m[HTTP][39m [37m<-- GET /wd/hub/status [39m[32m200[39m [90m4 ms - 68[39m
[35m[HTTP][39m [90m[39m
[35m[HTTP][39m [37m-->[39m [37mGET[39m [37m/wd/hub/status[39m
[35m[HTTP][39m [90m{}[39m
[debug] [35m[GENERIC][39m Calling AppiumDriver.getStatus() with args: []
[debug] [35m[GENERIC][39m Responding to client with driver.getStatus() result: {"build":{"version":"1.22.3"}}
[35m[HTTP][39m [37m<-- GET /wd/hub/status [39m[32m200[39m [90m1 ms - 68[39m
[35m[HTTP][39m [90m[39m
[35m[HTTP][39m [37m-->[39m [37mPOST[39m [37m/wd/hub/session[39m
[35m[HTTP][39m [90m{"desiredCapabilities":{"app":"C:\\Users\\akbar\\Katalon Studio\\BDD Mobile Testing\\androidapp\\app.apk","noReset":true,"deviceId":"","deviceName":"emulator-5554 (sdk_gphone_x86 - Android 11)","fullReset":false,"platform":"ANDROID","appWaitForLaunch":true,"newCommandTimeout":1800,"platformVersion":"11","automationName":"uiautomator2","autoGrantPermissions":true,"platformName":"Android","udid":"emulator-5554","systemPort":52049},"capabilities":{"firstMatch":[{"appium:app":"C:\\Users\\akbar\\Katalon Studio\\BDD Mobile Testing\\androidapp\\app.apk","appWaitForLaunch":true,"appium:autoGrantPermissions":true,"appium:automationName":"uiautomator2","deviceId":"","appium:deviceName":"emulator-5554 (sdk_gphone_x86 - Android 11)","appium:fullReset":false,"appium:newCommandTimeout":1800,"appium:noReset":true,"platform":"ANDROID","platformName":"android","appium:platformVersion":"11","appium:systemPort":52049,"appium:udid":"emulator-5554"}]}}[39m
[debug] [35m[W3C][39m Calling AppiumDriver.createSession() with args: [{"app":"C:\\Users\\akbar\\Katalon Studio\\BDD Mobile Testing\\androidapp\\app.apk","noReset":true,"deviceId":"","deviceName":"emulator-5554 (sdk_gphone_x86 - Android 11)","fullReset":false,"platform":"ANDROID","appWaitForLaunch":true,"newCommandTimeout":1800,"platformVersion":"11","automationName":"uiautomator2","autoGrantPermissions":true,"platformName":"Android","udid":"emulator-5554","systemPort":52049},null,{"firstMatch":[{"appium:app":"C:\\Users\\akbar\\Katalon Studio\\BDD Mobile Testing\\androidapp\\app.apk","appWaitForLaunch":true,"appium:autoGrantPermissions":true,"appium:automationName":"uiautomator2","deviceId":"","appium:deviceName":"emulator-5554 (sdk_gphone_x86 - Android 11)","appium:fullReset":false,"appium:newCommandTimeout":1800,"appium:noReset":true,"platform":"ANDROID","platformName":"android","appium:platformVersion":"11","appium:systemPort":52049,"appium:udid":"emulator-5554"}]}]
[debug] [35m[BaseDriver][39m Event 'newSessionRequested' logged at 1692713182079 (21:06:22 GMT+0700 (Western Indonesia Time))
[35m[BaseDriver][39m The following capabilities are not standard capabilities and should have an extension prefix:
[35m[BaseDriver][39m   appWaitForLaunch
[35m[BaseDriver][39m   deviceId
[35m[BaseDriver][39m   platform
[35m[BaseDriver][39m   chromedriverPort
[35m[Appium][39m Appium v1.22.3 creating new AndroidUiautomator2Driver (v1.70.1) session
[debug] [35m[BaseDriver][39m W3C capabilities and MJSONWP desired capabilities were provided
[debug] [35m[BaseDriver][39m Creating session with W3C capabilities: {
[debug] [35m[BaseDriver][39m   "alwaysMatch": {
[debug] [35m[BaseDriver][39m     "appium:appWaitForLaunch": true,
[debug] [35m[BaseDriver][39m     "appium:deviceId": "",
[debug] [35m[BaseDriver][39m     "appium:platform": "ANDROID",
[debug] [35m[BaseDriver][39m     "platformName": "android",
[debug] [35m[BaseDriver][39m     "appium:chromedriverPort": 52043,
[debug] [35m[BaseDriver][39m     "appium:app": "C:\\Users\\akbar\\Katalon Studio\\BDD Mobile Testing\\androidapp\\app.apk",
[debug] [35m[BaseDriver][39m     "appium:autoGrantPermissions": true,
[debug] [35m[BaseDriver][39m     "appium:automationName": "uiautomator2",
[debug] [35m[BaseDriver][39m     "appium:deviceName": "emulator-5554 (sdk_gphone_x86 - Android 11)",
[debug] [35m[BaseDriver][39m     "appium:fullReset": false,
[debug] [35m[BaseDriver][39m     "appium:newCommandTimeout": 1800,
[debug] [35m[BaseDriver][39m     "appium:noReset": true,
[debug] [35m[BaseDriver][39m     "appium:platformVersion": "11",
[debug] [35m[BaseDriver][39m     "appium:systemPort": 52049,
[debug] [35m[BaseDriver][39m     "appium:udid": "emulator-5554"
[debug] [35m[BaseDriver][39m   },
[debug] [35m[BaseDriver][39m   "firstMatch": [
[debug] [35m[BaseDriver][39m     {}
[debug] [35m[BaseDriver][39m   ]
[debug] [35m[BaseDriver][39m }
[35m[BaseDriver][39m The following capabilities were provided, but are not recognized by Appium:
[35m[BaseDriver][39m   deviceId
[35m[BaseDriver][39m   platform
[35m[BaseDriver][39m Session created with session id: 3be06dcc-1c43-4bba-8ef8-0d9e99309710
[35m[BaseDriver][39m Using local app 'C:\Users\akbar\Katalon Studio\BDD Mobile Testing\androidapp\app.apk'
[debug] [35m[UiAutomator2][39m Checking whether app is actually present
[35m[ADB][39m Found 2 'build-tools' folders under 'C:\Users\akbar\AppData\Local\Android\Sdk' (newest first):
[35m[ADB][39m     C:/Users/akbar/AppData/Local/Android/Sdk/build-tools/34.0.0
[35m[ADB][39m     C:/Users/akbar/AppData/Local/Android/Sdk/build-tools/33.0.1
[35m[ADB][39m Using 'adb.exe' from 'C:\Users\akbar\AppData\Local\Android\Sdk\platform-tools\adb.exe'
[debug] [35m[ADB][39m Running 'C:\Users\akbar\AppData\Local\Android\Sdk\platform-tools\adb.exe -P 5037 start-server'
[35m[AndroidDriver][39m Retrieving device list
[debug] [35m[ADB][39m Trying to find a connected android device
[debug] [35m[ADB][39m Getting connected devices
[debug] [35m[ADB][39m Connected devices: [{"udid":"emulator-5554","state":"device"}]
[35m[AndroidDriver][39m Using device: emulator-5554
[35m[ADB][39m Using 'adb.exe' from 'C:\Users\akbar\AppData\Local\Android\Sdk\platform-tools\adb.exe'
[debug] [35m[ADB][39m Running 'C:\Users\akbar\AppData\Local\Android\Sdk\platform-tools\adb.exe -P 5037 start-server'
[debug] [35m[ADB][39m Setting device id to emulator-5554
[debug] [35m[ADB][39m Running 'C:\Users\akbar\AppData\Local\Android\Sdk\platform-tools\adb.exe -P 5037 -s emulator-5554 shell getprop ro.build.version.sdk'
[debug] [35m[ADB][39m Current device property 'ro.build.version.sdk': 30
[35m[ADB][39m Getting device platform version
[debug] [35m[ADB][39m Running 'C:\Users\akbar\AppData\Local\Android\Sdk\platform-tools\adb.exe -P 5037 -s emulator-5554 shell getprop ro.build.version.release'
[debug] [35m[ADB][39m Current device property 'ro.build.version.release': 11
[debug] [35m[ADB][39m Device API level: 30
[35m[UiAutomator2][39m Relaxing hidden api policy
[debug] [35m[ADB][39m Running 'C:\Users\akbar\AppData\Local\Android\Sdk\platform-tools\adb.exe -P 5037 -s emulator-5554 shell 'settings put global hidden_api_policy_pre_p_apps 1;settings put global hidden_api_policy_p_apps 1;settings put global hidden_api_policy 1''
[debug] [35m[AndroidDriver][39m Parsing package and activity from app manifest
[35m[ADB][39m Package name: 'id.kompas.app'
[35m[ADB][39m Main activity name: 'id.kompas.app.view.ui.splashscreen.SplashScreenActivity'
[debug] [35m[AndroidDriver][39m Parsed package and activity are: id.kompas.app/id.kompas.app.view.ui.splashscreen.SplashScreenActivity
[debug] [35m[ADB][39m Running 'C:\Users\akbar\AppData\Local\Android\Sdk\platform-tools\adb.exe -P 5037 -s emulator-5554 wait-for-device'
[debug] [35m[ADB][39m Running 'C:\Users\akbar\AppData\Local\Android\Sdk\platform-tools\adb.exe -P 5037 -s emulator-5554 shell echo ping'
[debug] [35m[AndroidDriver][39m Pushing settings apk to device...
[debug] [35m[ADB][39m Getting install status for io.appium.settings
[debug] [35m[ADB][39m Running 'C:\Users\akbar\AppData\Local\Android\Sdk\platform-tools\adb.exe -P 5037 -s emulator-5554 shell dumpsys package io.appium.settings'
[debug] [35m[ADB][39m 'io.appium.settings' is installed
[debug] [35m[ADB][39m Getting package info for 'io.appium.settings'
[debug] [35m[ADB][39m Running 'C:\Users\akbar\AppData\Local\Android\Sdk\platform-tools\adb.exe -P 5037 -s emulator-5554 shell dumpsys package io.appium.settings'
[debug] [35m[ADB][39m The version name of the installed 'io.appium.settings' is greater or equal to the application version name ('3.4.0' >= '3.4.0')
[debug] [35m[ADB][39m There is no need to install/upgrade 'C:\Akbar\Softwares\node-v16.20.2-win-x64\node_modules\appium\node_modules\io.appium.settings\apks\settings_apk-debug.apk'
[debug] [35m[ADB][39m Getting IDs of all 'io.appium.settings' processes
[debug] [35m[ADB][39m Running 'C:\Users\akbar\AppData\Local\Android\Sdk\platform-tools\adb.exe -P 5037 -s emulator-5554 shell 'pgrep --help; echo $?''
[debug] [35m[ADB][39m Running 'C:\Users\akbar\AppData\Local\Android\Sdk\platform-tools\adb.exe -P 5037 -s emulator-5554 shell pgrep -f \(\[\[:blank:\]\]\|\^\)io\.appium\.settings\(\[\[:blank:\]\]\|\$\)'
[debug] [35m[AndroidDriver][39m io.appium.settings is already running. There is no need to reset its permissions.
[debug] [35m[Logcat][39m Starting logs capture with command: C:\\Users\\akbar\\AppData\\Local\\Android\\Sdk\\platform-tools\\adb.exe -P 5037 -s emulator-5554 logcat -v threadtime
[debug] [35m[UiAutomator2][39m Forwarding UiAutomator2 Server port 6790 to local port 52049
[debug] [35m[ADB][39m Forwarding system: 52049 to device: 6790
[debug] [35m[ADB][39m Running 'C:\Users\akbar\AppData\Local\Android\Sdk\platform-tools\adb.exe -P 5037 -s emulator-5554 forward tcp:52049 tcp:6790'
[debug] [35m[ADB][39m Getting install status for io.appium.uiautomator2.server
[debug] [35m[ADB][39m Running 'C:\Users\akbar\AppData\Local\Android\Sdk\platform-tools\adb.exe -P 5037 -s emulator-5554 shell dumpsys package io.appium.uiautomator2.server'
[debug] [35m[ADB][39m 'io.appium.uiautomator2.server' is installed
[debug] [35m[ADB][39m Getting package info for 'io.appium.uiautomator2.server'
[debug] [35m[ADB][39m Running 'C:\Users\akbar\AppData\Local\Android\Sdk\platform-tools\adb.exe -P 5037 -s emulator-5554 shell dumpsys package io.appium.uiautomator2.server'
[debug] [35m[ADB][39m The version name of the installed 'io.appium.uiautomator2.server' is greater or equal to the application version name ('4.27.0' >= '4.27.0')
[debug] [35m[UiAutomator2][39m io.appium.uiautomator2.server installation state: sameVersionInstalled
[debug] [35m[ADB][39m Checking app cert for C:\Akbar\Softwares\node-v16.20.2-win-x64\node_modules\appium\node_modules\appium-uiautomator2-server\apks\appium-uiautomator2-server-v4.27.0.apk
[35m[ADB][39m Using 'apksigner.jar' from 'C:\Users\akbar\AppData\Local\Android\Sdk\build-tools\34.0.0\lib\apksigner.jar'
[debug] [35m[ADB][39m Starting apksigner: C:\\Users\\akbar\\.katalon\\packages\\Katalon_Studio_Windows_64-8.6.6\\Katalon_Studio_Windows_64-8.6.6\\jre\\bin\\java.exe -Xmx1024M -Xss1m -jar C:\\Users\\akbar\\AppData\\Local\\Android\\Sdk\\build-tools\\34.0.0\\lib\\apksigner.jar verify --print-certs C:\\Akbar\\Softwares\\node-v16.20.2-win-x64\\node_modules\\appium\\node_modules\\appium-uiautomator2-server\\apks\\appium-uiautomator2-server-v4.27.0.apk
[debug] [35m[ADB][39m apksigner stdout: Signer #1 certificate DN: EMAILADDRESS=android@android.com, CN=Android, OU=Android, O=Android, L=Mountain View, ST=California, C=US
[debug] [35m[ADB][39m Signer #1 certificate SHA-256 digest: a40da80a59d170caa950cf15c18c454d47a39b26989d8b640ecd745ba71bf5dc
[debug] [35m[ADB][39m Signer #1 certificate SHA-1 digest: 61ed377e85d386a8dfee6b864bd85b0bfaa5af81
[debug] [35m[ADB][39m Signer #1 certificate MD5 digest: e89b158e4bcf988ebd09eb83f5378e87
[debug] [35m[ADB][39m 
[debug] [35m[ADB][39m sha256 hash did match for 'appium-uiautomator2-server-v4.27.0.apk'
[35m[ADB][39m 'C:\Akbar\Softwares\node-v16.20.2-win-x64\node_modules\appium\node_modules\appium-uiautomator2-server\apks\appium-uiautomator2-server-v4.27.0.apk' is signed with the default certificate
[debug] [35m[ADB][39m Getting install status for io.appium.uiautomator2.server.test
[debug] [35m[ADB][39m Running 'C:\Users\akbar\AppData\Local\Android\Sdk\platform-tools\adb.exe -P 5037 -s emulator-5554 shell dumpsys package io.appium.uiautomator2.server.test'
[debug] [35m[ADB][39m 'io.appium.uiautomator2.server.test' is installed
[debug] [35m[ADB][39m Checking app cert for C:\Akbar\Softwares\node-v16.20.2-win-x64\node_modules\appium\node_modules\appium-uiautomator2-server\apks\appium-uiautomator2-server-debug-androidTest.apk
[debug] [35m[ADB][39m Starting apksigner: C:\\Users\\akbar\\.katalon\\packages\\Katalon_Studio_Windows_64-8.6.6\\Katalon_Studio_Windows_64-8.6.6\\jre\\bin\\java.exe -Xmx1024M -Xss1m -jar C:\\Users\\akbar\\AppData\\Local\\Android\\Sdk\\build-tools\\34.0.0\\lib\\apksigner.jar verify --print-certs C:\\Akbar\\Softwares\\node-v16.20.2-win-x64\\node_modules\\appium\\node_modules\\appium-uiautomator2-server\\apks\\appium-uiautomator2-server-debug-androidTest.apk
[debug] [35m[ADB][39m apksigner stdout: Signer #1 certificate DN: EMAILADDRESS=android@android.com, CN=Android, OU=Android, O=Android, L=Mountain View, ST=California, C=US
[debug] [35m[ADB][39m Signer #1 certificate SHA-256 digest: a40da80a59d170caa950cf15c18c454d47a39b26989d8b640ecd745ba71bf5dc
[debug] [35m[ADB][39m Signer #1 certificate SHA-1 digest: 61ed377e85d386a8dfee6b864bd85b0bfaa5af81
[debug] [35m[ADB][39m Signer #1 certificate MD5 digest: e89b158e4bcf988ebd09eb83f5378e87
[debug] [35m[ADB][39m 
[debug] [35m[ADB][39m sha256 hash did match for 'appium-uiautomator2-server-debug-androidTest.apk'
[35m[ADB][39m 'C:\Akbar\Softwares\node-v16.20.2-win-x64\node_modules\appium\node_modules\appium-uiautomator2-server\apks\appium-uiautomator2-server-debug-androidTest.apk' is signed with the default certificate
[35m[UiAutomator2][39m Server packages are not going to be (re)installed
[debug] [35m[UiAutomator2][39m Waiting up to 30000ms for services to be available
[debug] [35m[ADB][39m Running 'C:\Users\akbar\AppData\Local\Android\Sdk\platform-tools\adb.exe -P 5037 -s emulator-5554 shell pm list instrumentation'
[debug] [35m[UiAutomator2][39m Instrumentation target 'io.appium.uiautomator2.server.test/androidx.test.runner.AndroidJUnitRunner' is available
[35m[ADB][39m Adding packages ["io.appium.settings","io.appium.uiautomator2.server","io.appium.uiautomator2.server.test"] to Doze whitelist
[debug] [35m[ADB][39m Got the following command chunks to execute: [["dumpsys","deviceidle","whitelist","+io.appium.settings",";","dumpsys","deviceidle","whitelist","+io.appium.uiautomator2.server",";","dumpsys","deviceidle","whitelist","+io.appium.uiautomator2.server.test",";"]]
[debug] [35m[ADB][39m Running 'C:\Users\akbar\AppData\Local\Android\Sdk\platform-tools\adb.exe -P 5037 -s emulator-5554 shell dumpsys deviceidle whitelist +io.appium.settings ; dumpsys deviceidle whitelist +io.appium.uiautomator2.server ; dumpsys deviceidle whitelist +io.appium.uiautomator2.server.test ;'
[debug] [35m[ADB][39m Checking app cert for C:\Users\akbar\Katalon Studio\BDD Mobile Testing\androidapp\app.apk
[debug] [35m[ADB][39m Starting apksigner: C:\\Users\\akbar\\.katalon\\packages\\Katalon_Studio_Windows_64-8.6.6\\Katalon_Studio_Windows_64-8.6.6\\jre\\bin\\java.exe -Xmx1024M -Xss1m -jar C:\\Users\\akbar\\AppData\\Local\\Android\\Sdk\\build-tools\\34.0.0\\lib\\apksigner.jar verify --print-certs 'C:\\Users\\akbar\\Katalon Studio\\BDD Mobile Testing\\androidapp\\app.apk'
[debug] [35m[ADB][39m apksigner stdout: Signer #1 certificate DN: CN=Asep Hidayat, O=Rolling Glory, L=Bandung, ST=Jawa Barat, C=62
[debug] [35m[ADB][39m Signer #1 certificate SHA-256 digest: 4f7ab8340d25632c7564d9bd70d221701cae82990b8325891e5f31f124a622fe
[debug] [35m[ADB][39m Signer #1 certificate SHA-1 digest: 3d5e08a1b32b0cd7956edac7fbb79b36ef76e637
[debug] [35m[ADB][39m Signer #1 certificate MD5 digest: 15c8405b7a436aa51c3c0d744c5105c7
[debug] [35m[ADB][39m 
[35m[ADB][39m 'C:\Users\akbar\Katalon Studio\BDD Mobile Testing\androidapp\app.apk' is signed with a non-default certificate
[debug] [35m[ADB][39m Getting install status for id.kompas.app
[debug] [35m[ADB][39m Running 'C:\Users\akbar\AppData\Local\Android\Sdk\platform-tools\adb.exe -P 5037 -s emulator-5554 shell dumpsys package id.kompas.app'
[debug] [35m[ADB][39m 'id.kompas.app' is not installed
[debug] [35m[ADB][39m App 'C:\Users\akbar\Katalon Studio\BDD Mobile Testing\androidapp\app.apk' is not installed
[debug] [35m[ADB][39m Installing 'C:\Users\akbar\Katalon Studio\BDD Mobile Testing\androidapp\app.apk'
[debug] [35m[ADB][39m Running 'C:\Users\akbar\AppData\Local\Android\Sdk\platform-tools\adb.exe -P 5037 -s emulator-5554 help'
[debug] [35m[ADB][39m Running 'C:\Users\akbar\AppData\Local\Android\Sdk\platform-tools\adb.exe -P 5037 -s emulator-5554 features'
[35m[ADB][39m The application at 'C:\Users\akbar\Katalon Studio\BDD Mobile Testing\androidapp\app.apk' will not be cached, because the device under test has confirmed the support of streamed installs
[debug] [35m[ADB][39m Running 'C:\Users\akbar\AppData\Local\Android\Sdk\platform-tools\adb.exe -P 5037 -s emulator-5554 install -g 'C:\\Users\\akbar\\Katalon Studio\\BDD Mobile Testing\\androidapp\\app.apk''
[35m[ADB][39m The installation of 'app.apk' took 3986ms
[debug] [35m[ADB][39m Install command stdout: Performing Streamed Install
[debug] [35m[ADB][39m Success
[debug] [35m[UiAutomator2][39m Performing shallow cleanup of automation leftovers
[debug] [35m[UiAutomator2][39m No obsolete sessions have been detected (socket hang up)
[debug] [35m[ADB][39m Running 'C:\Users\akbar\AppData\Local\Android\Sdk\platform-tools\adb.exe -P 5037 -s emulator-5554 shell am force-stop io.appium.uiautomator2.server.test'
[35m[UiAutomator2][39m Starting UIAutomator2 server 4.27.0
[35m[UiAutomator2][39m Using UIAutomator2 server from 'C:\Akbar\Softwares\node-v16.20.2-win-x64\node_modules\appium\node_modules\appium-uiautomator2-server\apks\appium-uiautomator2-server-v4.27.0.apk' and test from 'C:\Akbar\Softwares\node-v16.20.2-win-x64\node_modules\appium\node_modules\appium-uiautomator2-server\apks\appium-uiautomator2-server-debug-androidTest.apk'
[35m[UiAutomator2][39m Waiting up to 30000ms for UiAutomator2 to be online...
[debug] [35m[ADB][39m Creating ADB subprocess with args: ["-P",5037,"-s","emulator-5554","shell","am","instrument","-w","-e","disableAnalytics",true,"io.appium.uiautomator2.server.test/androidx.test.runner.AndroidJUnitRunner"]
[debug] [35m[WD Proxy][39m Matched '/status' to command name 'getStatus'
[debug] [35m[WD Proxy][39m Proxying [GET /status] to [GET http://127.0.0.1:52049/wd/hub/status] with no body
[35m[WD Proxy][39m socket hang up
[debug] [35m[Instrumentation][39m io.appium.uiautomator2.server.test.AppiumUiAutomator2Server:
[debug] [35m[WD Proxy][39m Matched '/status' to command name 'getStatus'
[debug] [35m[WD Proxy][39m Proxying [GET /status] to [GET http://127.0.0.1:52049/wd/hub/status] with no body
[35m[WD Proxy][39m socket hang up
[debug] [35m[WD Proxy][39m Matched '/status' to command name 'getStatus'
[debug] [35m[WD Proxy][39m Proxying [GET /status] to [GET http://127.0.0.1:52049/wd/hub/status] with no body
[debug] [35m[WD Proxy][39m Got response with status 200: {"sessionId":"None","value":{"message":"UiAutomator2 Server is ready to accept commands","ready":true}}
[debug] [35m[UiAutomator2][39m The initialization of the instrumentation process took 2115ms
[debug] [35m[WD Proxy][39m Matched '/session' to command name 'createSession'
[debug] [35m[WD Proxy][39m Proxying [POST /session] to [POST http://127.0.0.1:52049/wd/hub/session] with body: {"capabilities":{"firstMatch":[{"platform":"ANDROID","webStorageEnabled":false,"takesScreenshot":true,"javascriptEnabled":true,"databaseEnabled":false,"networkConnectionEnabled":true,"locationContextEnabled":false,"warnings":{},"desired":{"platformName":"android","appWaitForLaunch":true,"deviceId":"","platform":"ANDROID","chromedriverPort":52043,"app":"C:\\Users\\akbar\\Katalon Studio\\BDD Mobile Testing\\androidapp\\app.apk","autoGrantPermissions":true,"automationName":"uiautomator2","deviceName":"emulator-5554 (sdk_gphone_x86 - Android 11)","fullReset":false,"newCommandTimeout":1800,"noReset":true,"platformVersion":"11","systemPort":52049,"udid":"emulator-5554"},"platformName":"android","appWaitForLaunch":true,"deviceId":"","chromedriverPort":52043,"app":"C:\\Users\\akbar\\Katalon Studio\\BDD Mobile Testing\\androidapp\\app.apk","autoGrantPermissions":true,"automationName":"uiautomator2","deviceName":"emulator-5554","fullReset":false,"newCommandTimeout":1800,"noReset":true,"platformVersion":"11","systemP...
[debug] [35m[WD Proxy][39m Got response with status 200: {"sessionId":"4c324b5d-f22f-4ac6-af45-b4a66adc37e2","value":{"capabilities":{"firstMatch":[{"platform":"ANDROID","webStorageEnabled":false,"takesScreenshot":true,"javascriptEnabled":true,"databaseEnabled":false,"networkConnectionEnabled":true,"locationContextEnabled":false,"warnings":{},"desired":{"platformName":"android","appWaitForLaunch":true,"deviceId":"","platform":"ANDROID","chromedriverPort":52043,"app":"C:\\Users\\akbar\\Katalon Studio\\BDD Mobile Testing\\androidapp\\app.apk","autoGrantPermissions":true,"automationName":"uiautomator2","deviceName":"emulator-5554 (sdk_gphone_x86 - Android 11)","fullReset":false,"newCommandTimeout":1800,"noReset":true,"platformVersion":"11","systemPort":52049,"udid":"emulator-5554"},"platformName":"android","appWaitForLaunch":true,"deviceId":"","chromedriverPort":52043,"app":"C:\\Users\\akbar\\Katalon Studio\\BDD Mobile Testing\\androidapp\\app.apk","autoGrantPermissions":true,"automationName":"uiautomator2","deviceName":"emulator-5554","fullReset":false,"newCommand...
[35m[WD Proxy][39m Determined the downstream protocol as 'W3C'
[debug] [35m[WD Proxy][39m Proxying [GET /appium/device/info] to [GET http://127.0.0.1:52049/wd/hub/session/4c324b5d-f22f-4ac6-af45-b4a66adc37e2/appium/device/info] with no body
[debug] [35m[WD Proxy][39m Got response with status 200: {"sessionId":"4c324b5d-f22f-4ac6-af45-b4a66adc37e2","value":{"androidId":"eff0b31b3840a5c8","apiVersion":"30","bluetooth":{"state":"ON"},"brand":"google","carrierName":"Android","displayDensity":420,"locale":"en_US","manufacturer":"Google","model":"sdk_gphone_x86","networks":[{"capabilities":{"SSID":null,"linkDownBandwidthKbps":30000,"linkUpstreamBandwidthKbps":15000,"networkCapabilities":"NET_CAPABILITY_MMS,NET_CAPABILITY_SUPL,NET_CAPABILITY_DUN,NET_CAPABILITY_FOTA,NET_CAPABILITY_IMS,NET_CAPABILITY_CBS,NET_CAPABILITY_INTERNET,NET_CAPABILITY_NOT_RESTRICTED,NET_CAPABILITY_TRUSTED,NET_CAPABILITY_NOT_VPN,NET_CAPABILITY_VALIDATED,NET_CAPABILITY_NOT_ROAMING,NET_CAPABILITY_NOT_CONGESTED,NET_CAPABILITY_NOT_SUSPENDED","signalStrength":-2147483648,"transportTypes":"TRANSPORT_CELLULAR"},"detailedState":"CONNECTED","extraInfo":"epc.tmobile.com","isAvailable":true,"isConnected":true,"isFailover":false,"isRoaming":false,"state":"CONNECTED","subtype":13,"subtypeName":"LTE","type":0,"typeName":"MOBILE"},{"capabilities":{...
[debug] [35m[ADB][39m Running 'C:\Users\akbar\AppData\Local\Android\Sdk\platform-tools\adb.exe -P 5037 -s emulator-5554 shell dumpsys window'
[35m[AndroidDriver][39m Screen already unlocked, doing nothing
[35m[UiAutomator2][39m Starting 'id.kompas.app/id.kompas.app.view.ui.splashscreen.SplashScreenActivity and waiting for 'id.kompas.app/id.kompas.app.view.ui.splashscreen.SplashScreenActivity'
[debug] [35m[ADB][39m Running 'C:\Users\akbar\AppData\Local\Android\Sdk\platform-tools\adb.exe -P 5037 -s emulator-5554 shell am start -W -n id.kompas.app/id.kompas.app.view.ui.splashscreen.SplashScreenActivity -S -a android.intent.action.MAIN -c android.intent.category.LAUNCHER -f 0x10200000'
[debug] [35m[ADB][39m Waiting up to 20000ms for activity matching pkg: 'id.kompas.app' and activity: 'id.kompas.app.view.ui.splashscreen.SplashScreenActivity' to be focused
[debug] [35m[ADB][39m Possible activities, to be checked: 'id.kompas.app.view.ui.splashscreen.SplashScreenActivity', 'id.kompas.app.id.kompas.app.view.ui.splashscreen.SplashScreenActivity'
[debug] [35m[ADB][39m Getting focused package and activity
[debug] [35m[ADB][39m Running 'C:\Users\akbar\AppData\Local\Android\Sdk\platform-tools\adb.exe -P 5037 -s emulator-5554 shell dumpsys window displays'
[debug] [35m[ADB][39m Found package: 'id.kompas.app' and fully qualified activity name : 'id.kompas.app.view.ui.splashscreen.SplashScreenActivity'
[debug] [35m[WD Proxy][39m Proxying [GET /appium/device/pixel_ratio] to [GET http://127.0.0.1:52049/wd/hub/session/4c324b5d-f22f-4ac6-af45-b4a66adc37e2/appium/device/pixel_ratio] with no body
[debug] [35m[WD Proxy][39m Got response with status 200: {"sessionId":"4c324b5d-f22f-4ac6-af45-b4a66adc37e2","value":2.625}
[debug] [35m[WD Proxy][39m Matched '/appium/device/system_bars' to command name 'getSystemBars'
[debug] [35m[WD Proxy][39m Proxying [GET /appium/device/system_bars] to [GET http://127.0.0.1:52049/wd/hub/session/4c324b5d-f22f-4ac6-af45-b4a66adc37e2/appium/device/system_bars] with no body
[debug] [35m[WD Proxy][39m Got response with status 200: {"sessionId":"4c324b5d-f22f-4ac6-af45-b4a66adc37e2","value":{"statusBar":136}}
[debug] [35m[WD Proxy][39m Matched '/window/current/size' to command name 'getWindowSize'
[debug] [35m[WD Proxy][39m Proxying [GET /window/current/size] to [GET http://127.0.0.1:52049/wd/hub/session/4c324b5d-f22f-4ac6-af45-b4a66adc37e2/window/current/size] with no body
[debug] [35m[WD Proxy][39m Got response with status 200: {"sessionId":"4c324b5d-f22f-4ac6-af45-b4a66adc37e2","value":{"height":2138,"width":1080}}
[35m[Appium][39m New AndroidUiautomator2Driver session created successfully, session 3be06dcc-1c43-4bba-8ef8-0d9e99309710 added to master session list
[debug] [35m[BaseDriver][39m Event 'newSessionStarted' logged at 1692713194074 (21:06:34 GMT+0700 (Western Indonesia Time))
[debug] [35m[W3C (3be06dcc)][39m Cached the protocol value 'W3C' for the new session 3be06dcc-1c43-4bba-8ef8-0d9e99309710
[debug] [35m[W3C (3be06dcc)][39m Responding to client with driver.createSession() result: {"capabilities":{"platform":"ANDROID","webStorageEnabled":false,"takesScreenshot":true,"javascriptEnabled":true,"databaseEnabled":false,"networkConnectionEnabled":true,"locationContextEnabled":false,"warnings":{},"desired":{"platformName":"android","appWaitForLaunch":true,"deviceId":"","platform":"ANDROID","chromedriverPort":52043,"app":"C:\\Users\\akbar\\Katalon Studio\\BDD Mobile Testing\\androidapp\\app.apk","autoGrantPermissions":true,"automationName":"uiautomator2","deviceName":"emulator-5554 (sdk_gphone_x86 - Android 11)","fullReset":false,"newCommandTimeout":1800,"noReset":true,"platformVersion":"11","systemPort":52049,"udid":"emulator-5554"},"platformName":"android","appWaitForLaunch":true,"deviceId":"","chromedriverPort":52043,"app":"C:\\Users\\akbar\\Katalon Studio\\BDD Mobile Testing\\androidapp\\app.apk","autoGrantPermissions":true,"automationName":"uiautomator2","deviceName":"emulator-5554","fullReset":false,"newCommandTimeout":1800,"noReset":true,"platformVersion":"11","systemPort":52049,"udi...
[35m[HTTP][39m [37m<-- POST /wd/hub/session [39m[32m200[39m [90m11998 ms - 1400[39m
[35m[HTTP][39m [90m[39m
[35m[HTTP][39m [37m-->[39m [37mGET[39m [37m/wd/hub/session/3be06dcc-1c43-4bba-8ef8-0d9e99309710[39m
[35m[HTTP][39m [90m{}[39m
[debug] [35m[W3C (3be06dcc)][39m Calling AppiumDriver.getSession() with args: ["3be06dcc-1c43-4bba-8ef8-0d9e99309710"]
[debug] [35m[UiAutomator2][39m Getting session details from server to mix in
[debug] [35m[WD Proxy][39m Matched '/' to command name 'getSession'
[debug] [35m[WD Proxy][39m Proxying [GET /] to [GET http://127.0.0.1:52049/wd/hub/session/4c324b5d-f22f-4ac6-af45-b4a66adc37e2] with no body
[debug] [35m[WD Proxy][39m Got response with status 200: {"sessionId":"4c324b5d-f22f-4ac6-af45-b4a66adc37e2","value":{"lastScrollData":null}}
[debug] [35m[W3C (3be06dcc)][39m Responding to client with driver.getSession() result: {"platform":"ANDROID","webStorageEnabled":false,"takesScreenshot":true,"javascriptEnabled":true,"databaseEnabled":false,"networkConnectionEnabled":true,"locationContextEnabled":false,"warnings":{},"desired":{"platformName":"android","appWaitForLaunch":true,"deviceId":"","platform":"ANDROID","chromedriverPort":52043,"app":"C:\\Users\\akbar\\Katalon Studio\\BDD Mobile Testing\\androidapp\\app.apk","autoGrantPermissions":true,"automationName":"uiautomator2","deviceName":"emulator-5554 (sdk_gphone_x86 - Android 11)","fullReset":false,"newCommandTimeout":1800,"noReset":true,"platformVersion":"11","systemPort":52049,"udid":"emulator-5554"},"platformName":"android","appWaitForLaunch":true,"deviceId":"","chromedriverPort":52043,"app":"C:\\Users\\akbar\\Katalon Studio\\BDD Mobile Testing\\androidapp\\app.apk","autoGrantPermissions":true,"automationName":"uiautomator2","deviceName":"emulator-5554","fullReset":false,"newCommandTimeout":1800,"noReset":true,"platformVersion":"11","systemPort":52049,"udid":"emulator-555...
[35m[HTTP][39m [37m<-- GET /wd/hub/session/3be06dcc-1c43-4bba-8ef8-0d9e99309710 [39m[32m200[39m [90m13 ms - 1354[39m
[35m[HTTP][39m [90m[39m
[35m[HTTP][39m [37m-->[39m [37mGET[39m [37m/wd/hub/session/3be06dcc-1c43-4bba-8ef8-0d9e99309710[39m
[35m[HTTP][39m [90m{}[39m
[debug] [35m[W3C (3be06dcc)][39m Calling AppiumDriver.getSession() with args: ["3be06dcc-1c43-4bba-8ef8-0d9e99309710"]
[debug] [35m[UiAutomator2][39m Getting session details from server to mix in
[debug] [35m[WD Proxy][39m Matched '/' to command name 'getSession'
[debug] [35m[WD Proxy][39m Proxying [GET /] to [GET http://127.0.0.1:52049/wd/hub/session/4c324b5d-f22f-4ac6-af45-b4a66adc37e2] with no body
[debug] [35m[WD Proxy][39m Got response with status 200: {"sessionId":"4c324b5d-f22f-4ac6-af45-b4a66adc37e2","value":{"lastScrollData":null}}
[debug] [35m[W3C (3be06dcc)][39m Responding to client with driver.getSession() result: {"platform":"ANDROID","webStorageEnabled":false,"takesScreenshot":true,"javascriptEnabled":true,"databaseEnabled":false,"networkConnectionEnabled":true,"locationContextEnabled":false,"warnings":{},"desired":{"platformName":"android","appWaitForLaunch":true,"deviceId":"","platform":"ANDROID","chromedriverPort":52043,"app":"C:\\Users\\akbar\\Katalon Studio\\BDD Mobile Testing\\androidapp\\app.apk","autoGrantPermissions":true,"automationName":"uiautomator2","deviceName":"emulator-5554 (sdk_gphone_x86 - Android 11)","fullReset":false,"newCommandTimeout":1800,"noReset":true,"platformVersion":"11","systemPort":52049,"udid":"emulator-5554"},"platformName":"android","appWaitForLaunch":true,"deviceId":"","chromedriverPort":52043,"app":"C:\\Users\\akbar\\Katalon Studio\\BDD Mobile Testing\\androidapp\\app.apk","autoGrantPermissions":true,"automationName":"uiautomator2","deviceName":"emulator-5554","fullReset":false,"newCommandTimeout":1800,"noReset":true,"platformVersion":"11","systemPort":52049,"udid":"emulator-555...
[35m[HTTP][39m [37m<-- GET /wd/hub/session/3be06dcc-1c43-4bba-8ef8-0d9e99309710 [39m[32m200[39m [90m17 ms - 1354[39m
[35m[HTTP][39m [90m[39m
[35m[HTTP][39m [37m-->[39m [37mGET[39m [37m/wd/hub/status[39m
[35m[HTTP][39m [90m{}[39m
[debug] [35m[GENERIC][39m Calling AppiumDriver.getStatus() with args: []
[debug] [35m[GENERIC][39m Responding to client with driver.getStatus() result: {"build":{"version":"1.22.3"}}
[35m[HTTP][39m [37m<-- GET /wd/hub/status [39m[32m200[39m [90m1 ms - 68[39m
[35m[HTTP][39m [90m[39m
[35m[HTTP][39m [37m-->[39m [37mPOST[39m [37m/wd/hub/session/3be06dcc-1c43-4bba-8ef8-0d9e99309710/timeouts[39m
[35m[HTTP][39m [90m{"implicit":60000}[39m
[debug] [35m[W3C (3be06dcc)][39m Calling AppiumDriver.timeouts() with args: [null,null,null,null,60000,"3be06dcc-1c43-4bba-8ef8-0d9e99309710"]
[debug] [35m[BaseDriver][39m W3C timeout argument: {"implicit":60000}}
[debug] [35m[BaseDriver][39m Set implicit wait to 60000ms
[debug] [35m[W3C (3be06dcc)][39m Responding to client with driver.timeouts() result: null
[35m[HTTP][39m [37m<-- POST /wd/hub/session/3be06dcc-1c43-4bba-8ef8-0d9e99309710/timeouts [39m[32m200[39m [90m3 ms - 14[39m
[35m[HTTP][39m [90m[39m
[35m[HTTP][39m [37m-->[39m [37mGET[39m [37m/wd/hub/session/3be06dcc-1c43-4bba-8ef8-0d9e99309710/source[39m
[35m[HTTP][39m [90m{}[39m
[35m[W3C (3be06dcc)][39m Driver proxy active, passing request on via HTTP proxy
[debug] [35m[WD Proxy][39m Matched '/wd/hub/session/3be06dcc-1c43-4bba-8ef8-0d9e99309710/source' to command name 'getPageSource'
[debug] [35m[WD Proxy][39m Proxying [GET /wd/hub/session/3be06dcc-1c43-4bba-8ef8-0d9e99309710/source] to [GET http://127.0.0.1:52049/wd/hub/session/4c324b5d-f22f-4ac6-af45-b4a66adc37e2/source] with no body
[debug] [35m[WD Proxy][39m Got response with status 200: {"sessionId":"4c324b5d-f22f-4ac6-af45-b4a66adc37e2","value":"<?xml version='1.0' encoding='UTF-8' standalone='yes' ?>\r\n<hierarchy index=\"0\" class=\"hierarchy\" rotation=\"0\" width=\"1080\" height=\"2138\">\r\n  <android.widget.FrameLayout index=\"0\" package=\"id.kompas.app\" class=\"android.widget.FrameLayout\" text=\"\" checkable=\"false\" checked=\"false\" clickable=\"false\" enabled=\"true\" focusable=\"false\" focused=\"false\" long-clickable=\"false\" password=\"false\" scrollable=\"false\" selected=\"false\" bounds=\"[0,0][1080,2138]\" displayed=\"true\">\r\n    <android.widget.LinearLayout index=\"0\" package=\"id.kompas.app\" class=\"android.widget.LinearLayout\" text=\"\" checkable=\"false\" checked=\"false\" clickable=\"false\" enabled=\"true\" focusable=\"false\" focused=\"false\" long-clickable=\"false\" password=\"false\" scrollable=\"false\" selected=\"false\" bounds=\"[0,0][1080,2138]\" displayed=\"true\">\r\n      <android.widget.FrameLayout index=\"0\" package=\"id.kompas.app\" class...
[35m[WD Proxy][39m Replacing sessionId 4c324b5d-f22f-4ac6-af45-b4a66adc37e2 with 3be06dcc-1c43-4bba-8ef8-0d9e99309710
[35m[HTTP][39m [37m<-- GET /wd/hub/session/3be06dcc-1c43-4bba-8ef8-0d9e99309710/source [39m[32m200[39m [90m319 ms - 3184[39m
[35m[HTTP][39m [90m[39m
[35m[HTTP][39m [37m-->[39m [37mGET[39m [37m/wd/hub/session/3be06dcc-1c43-4bba-8ef8-0d9e99309710/screenshot[39m
[35m[HTTP][39m [90m{}[39m
[debug] [35m[W3C (3be06dcc)][39m Calling AppiumDriver.getScreenshot() with args: ["3be06dcc-1c43-4bba-8ef8-0d9e99309710"]
[debug] [35m[WD Proxy][39m Matched '/screenshot' to command name 'getScreenshot'
[debug] [35m[WD Proxy][39m Proxying [GET /screenshot] to [GET http://127.0.0.1:52049/wd/hub/session/4c324b5d-f22f-4ac6-af45-b4a66adc37e2/screenshot] with no body
[debug] [35m[WD Proxy][39m Got response with status 200: {"sessionId":"4c324b5d-f22f-4ac6-af45-b4a66adc37e2","value":"iVBORw0KGgoAAAANSUhEUgAABDgAAAlgCAYAAABtGofVAAAAAXNSR0IArs4c6QAAAARzQklUCAgI\nCHwIZIgAACAASURBVHic7N15gNd1nfjx13eGGW4cHBAQgREUQVEQsTwysLxjy35pWrlJtR1rl/46\nf+3uT2qr/VVb2ba223ao5XZpHpuWnULmiQckIB7gcEMDMnLJNfP9/TExzDgDDMMcvOrx+IfvzPcz\nn8/nO9LE9znvoxCX/lcxAAAAABIr6e4bAAAAADhYAgcAAACQnsABAAAApCdwAAAAAOkJHAAAAEB6\nAgcAAACQnsABAAAApCdwAAAAAOkJHAAAAEB6AgcAAACQnsABAAAApCdwAAAAAOkJHAAAAEB6AgcA\nAACQnsABAAAApCdwAAAAAOkJHAAAAEB6AgcAAACQnsABAAAApCdwAAAAAOkJHAAAAEB6AgcAAACQ\nnsABAAAApCdwAAAAAOkJHAAAAEB6AgcAAACQnsABAAAApCdwAAAAAOkJHAAAAEB6AgcAAACQnsAB\nAAAApCdwAAAAAOkJHAAAAEB6AgcAAACQnsABAAAApCdwAAAAAOkJHAAAAEB6AgcAAACQnsABAAAA\npCdwAAAAAOkJHAAAAEB6AgcAAACQnsABAAAApCdwAAAAAOkJHAAAAEB6AgcAAACQnsABAAAApCdw\nAAAAAOn16O4bADgUnTfxqLj2kskxZczg6FFaiEIUIiKi0PBHFIsNj+uLxairL8bjS9bF5257Iu56\nfFkUi9144wAA8FeqEJf+l3+KA0RDsPjSFa+MD100IXqUlDTGjLYqFiN21dfHDfc+E+/71n1CBwAA\ndCEjOIB26derLCZVVcaYIQNafX7puk0xt3p91G7Z0cV31j4XnTwi/ucT50dpyQFWjSYKhYiy0pJ4\nzznj4sllL8S/37OgA+8QAID2...
[debug] [35m[W3C (3be06dcc)][39m Responding to client with driver.getScreenshot() result: "iVBORw0KGgoAAAANSUhEUgAABDgAAAlgCAYAAABtGofVAAAAAXNSR0IArs4c6QAAAARzQklUCAgI\nCHwIZIgAACAASURBVHic7N15gNd1nfjx13eGGW4cHBAQgREUQVEQsTwysLxjy35pWrlJtR1rl/46\nf+3uT2qr/VVb2ba223ao5XZpHpuWnULmiQckIB7gcEMDMnLJNfP9/TExzDgDDMMcvOrx+IfvzPcz\nn8/nO9LE9znvoxCX/lcxAAAAABIr6e4bAAAAADhYAgcAAACQnsABAAAApCdwAAAAAOkJHAAAAEB6\nAgcAAACQnsABAAAApCdwAAAAAOkJHAAAAEB6AgcAAACQnsABAAAApCdwAAAAAOkJHAAAAEB6AgcA\nAACQnsABAAAApCdwAAAAAOkJHAAAAEB6AgcAAACQnsABAAAApCdwAAAAAOkJHAAAAEB6AgcAAACQ\nnsABAAAApCdwAAAAAOkJHAAAAEB6AgcAAACQnsABAAAApCdwAAAAAOkJHAAAAEB6AgcAAACQnsAB\nAAAApCdwAAAAAOkJHAAAAEB6AgcAAACQnsABAAAApCdwAAAAAOkJHAAAAEB6AgcAAACQnsABAAAA\npCdwAAAAAOkJHAAAAEB6AgcAAACQnsABAAAApCdwAAAAAOkJHAAAAEB6AgcAAACQnsABAAAApCdw\nAAAAAOn16O4bADgUnTfxqLj2kskxZczg6FFaiEIUIiKi0PBHFIsNj+uLxairL8bjS9bF5257Iu56\nfFkUi9144wAA8FeqEJf+l3+KA0RDsPjSFa+MD100IXqUlDTGjLYqFiN21dfHDfc+E+/71n1CBwAA\ndCEjOIB26derLCZVVcaYIQNafX7puk0xt3p91G7Z0cV31j4XnTwi/ucT50dpyQFWjSYKhYiy0pJ4\nzznj4sllL8S/37OgA+8QAID2quhbHhNHVcakqsqo6Fve8Gefno3P127d3vhv17nV62Pe0jz/jt2b\nSVWVMb...
[35m[HTTP][39m [37m<-- GET /wd/hub/session/3be06dcc-1c43-4bba-8ef8-0d9e99309710/screenshot [39m[32m200[39m [90m267 ms - 57018[39m
[35m[HTTP][39m [90m[39m
[35m[HTTP][39m [37m-->[39m [37mGET[39m [37m/wd/hub/session/3be06dcc-1c43-4bba-8ef8-0d9e99309710/source[39m
[35m[HTTP][39m [90m{}[39m
[35m[W3C (3be06dcc)][39m Driver proxy active, passing request on via HTTP proxy
[debug] [35m[WD Proxy][39m Matched '/wd/hub/session/3be06dcc-1c43-4bba-8ef8-0d9e99309710/source' to command name 'getPageSource'
[debug] [35m[WD Proxy][39m Proxying [GET /wd/hub/session/3be06dcc-1c43-4bba-8ef8-0d9e99309710/source] to [GET http://127.0.0.1:52049/wd/hub/session/4c324b5d-f22f-4ac6-af45-b4a66adc37e2/source] with no body
[debug] [35m[WD Proxy][39m Got response with status 200: {"sessionId":"4c324b5d-f22f-4ac6-af45-b4a66adc37e2","value":"<?xml version='1.0' encoding='UTF-8' standalone='yes' ?>\r\n<hierarchy index=\"0\" class=\"hierarchy\" rotation=\"0\" width=\"1080\" height=\"2138\">\r\n  <android.widget.FrameLayout index=\"0\" package=\"id.kompas.app\" class=\"android.widget.FrameLayout\" text=\"\" checkable=\"false\" checked=\"false\" clickable=\"false\" enabled=\"true\" focusable=\"false\" focused=\"false\" long-clickable=\"false\" password=\"false\" scrollable=\"false\" selected=\"false\" bounds=\"[0,0][1080,2138]\" displayed=\"true\">\r\n    <android.widget.LinearLayout index=\"0\" package=\"id.kompas.app\" class=\"android.widget.LinearLayout\" text=\"\" checkable=\"false\" checked=\"false\" clickable=\"false\" enabled=\"true\" focusable=\"false\" focused=\"false\" long-clickable=\"false\" password=\"false\" scrollable=\"false\" selected=\"false\" bounds=\"[0,0][1080,2138]\" displayed=\"true\">\r\n      <android.widget.FrameLayout index=\"0\" package=\"id.kompas.app\" class...
[35m[WD Proxy][39m Replacing sessionId 4c324b5d-f22f-4ac6-af45-b4a66adc37e2 with 3be06dcc-1c43-4bba-8ef8-0d9e99309710
[35m[HTTP][39m [37m<-- GET /wd/hub/session/3be06dcc-1c43-4bba-8ef8-0d9e99309710/source [39m[32m200[39m [90m135 ms - 40855[39m
[35m[HTTP][39m [90m[39m
[35m[HTTP][39m [37m-->[39m [37mGET[39m [37m/wd/hub/session/3be06dcc-1c43-4bba-8ef8-0d9e99309710/screenshot[39m
[35m[HTTP][39m [90m{}[39m
[debug] [35m[W3C (3be06dcc)][39m Calling AppiumDriver.getScreenshot() with args: ["3be06dcc-1c43-4bba-8ef8-0d9e99309710"]
[debug] [35m[WD Proxy][39m Matched '/screenshot' to command name 'getScreenshot'
[debug] [35m[WD Proxy][39m Proxying [GET /screenshot] to [GET http://127.0.0.1:52049/wd/hub/session/4c324b5d-f22f-4ac6-af45-b4a66adc37e2/screenshot] with no body
[debug] [35m[WD Proxy][39m Got response with status 200: {"sessionId":"4c324b5d-f22f-4ac6-af45-b4a66adc37e2","value":"iVBORw0KGgoAAAANSUhEUgAABDgAAAlgCAYAAABtGofVAAAAAXNSR0IArs4c6QAAAARzQklUCAgI\nCHwIZIgAACAASURBVHic7N17fJT1mffx7z2TmYQcyEBISAghA0gIB01EooC1pK4IVXdJt1Jt6xa6\n3a7WtituD7iH5xG73bZun251d+1qT2LXbXW1FnbVorZraKuCUQyVQ+TkhFNChsBAzoeZef6YzCRD\n5pjMJBn6eb9evEjmcN/3TAYy93eu33UZWvd9rwAAAAAAAFKYabwPAAAAAAAAYLQIOAAAAAAAQMoj\n4AAAAAAAACmPgAMAAAAAAKQ8Ag4AAAAAAJDyCDgAAAAAAEDKI+AAAAAAAAApj4ADAAAAAACkPAIO\nAAAAAACQ8gg4AAAAAABAyiPgAAAAAAAAKY+AAwAAAAAApDwCDgAAAAAAkPIIOAAAAAAAQMoj4AAA\nAAAAACmPgAMAAAAAAKQ8Ag4AAAAAAJDyCDgAAAAAAEDKI+AAAAAAAAApj4ADAAAAAACkPAIOAAAA\nAACQ8gg4AAAAAABAyiPgAAAAAAAAKY+AAwAAAAAApDwCDgAAAAAAkPIIOAAAAAAAQMoj4AAAAAAA\nACmPgAMAAAAAAKQ8Ag4AAAAAAJDyCDgAAAAAAEDKI+AAAAAAAAApj4ADAAAAAACkPAIOAAAAAACQ\n8gg4AAAAAABAyiPgAAAAAAAAKY+AAwAAAAAApDwCDgAAAAAAkPIIOAAAAAAAQMoj4AAAAAAAACmP\ngAMAAAAAAKQ8Ag4AAAAAAJDyCDgAAAAAAEDKI+AAAAAAAAApj4ADAAAAAACkPAIOAAAAAACQ8gg4\nAAAAAABAyiPgAAAAAAAAKY+AAwAAAAAApLy08T4AAJiIbqyYqftvXaKlc/OVZjZkyJAkGb6/5PX6\nvvZ4vXJ7vNp99Iz+8bl39Pzu...
[debug] [35m[W3C (3be06dcc)][39m Responding to client with driver.getScreenshot() result: "iVBORw0KGgoAAAANSUhEUgAABDgAAAlgCAYAAABtGofVAAAAAXNSR0IArs4c6QAAAARzQklUCAgI\nCHwIZIgAACAASURBVHic7N17fJT1mffx7z2TmYQcyEBISAghA0gIB01EooC1pK4IVXdJt1Jt6xa6\n3a7WtituD7iH5xG73bZun251d+1qT2LXbXW1FnbVorZraKuCUQyVQ+TkhFNChsBAzoeZef6YzCRD\n5pjMJBn6eb9evEjmcN/3TAYy93eu33UZWvd9rwAAAAAAAFKYabwPAAAAAAAAYLQIOAAAAAAAQMoj\n4AAAAAAAACmPgAMAAAAAAKQ8Ag4AAAAAAJDyCDgAAAAAAEDKI+AAAAAAAAApj4ADAAAAAACkPAIO\nAAAAAACQ8gg4AAAAAABAyiPgAAAAAAAAKY+AAwAAAAAApDwCDgAAAAAAkPIIOAAAAAAAQMoj4AAA\nAAAAACmPgAMAAAAAAKQ8Ag4AAAAAAJDyCDgAAAAAAEDKI+AAAAAAAAApj4ADAAAAAACkPAIOAAAA\nAACQ8gg4AAAAAABAyiPgAAAAAAAAKY+AAwAAAAAApDwCDgAAAAAAkPIIOAAAAAAAQMoj4AAAAAAA\nACmPgAMAAAAAAKQ8Ag4AAAAAAJDyCDgAAAAAAEDKI+AAAAAAAAApj4ADAAAAAACkPAIOAAAAAACQ\n8gg4AAAAAABAyiPgAAAAAAAAKY+AAwAAAAAApDwCDgAAAAAAkPIIOAAAAAAAQMoj4AAAAAAAACmP\ngAMAAAAAAKQ8Ag4AAAAAAJDyCDgAAAAAAEDKI+AAAAAAAAApj4ADAAAAAACkPAIOAAAAAACQ8gg4\nAAAAAABAyiPgAAAAAAAAKY+AAwAAAAAApLy08T4AAJiIbqyYqftvXaKlc/OVZjZkyJAkGb6/5PX6\nvvZ4vXJ7vNp99Iz+8bl39PzuY/J6x/HAAQAAgD9QhtZ9n7fiACBfYPHtO67RX920WGkmUyDMiJXX\nK/V7PH...
[35m[HTTP][39m [37m<-- GET /wd/hub/session/3be06dcc-1c43-4bba-8ef8-0d9e99309710/screenshot [39m[32m200[39m [90m605 ms - 1408220[39m
[35m[HTTP][39m [90m[39m
[35m[HTTP][39m [37m-->[39m [37mGET[39m [37m/wd/hub/session/3be06dcc-1c43-4bba-8ef8-0d9e99309710/source[39m
[35m[HTTP][39m [90m{}[39m
[35m[W3C (3be06dcc)][39m Driver proxy active, passing request on via HTTP proxy
[debug] [35m[WD Proxy][39m Matched '/wd/hub/session/3be06dcc-1c43-4bba-8ef8-0d9e99309710/source' to command name 'getPageSource'
[debug] [35m[WD Proxy][39m Proxying [GET /wd/hub/session/3be06dcc-1c43-4bba-8ef8-0d9e99309710/source] to [GET http://127.0.0.1:52049/wd/hub/session/4c324b5d-f22f-4ac6-af45-b4a66adc37e2/source] with no body
[debug] [35m[WD Proxy][39m Got response with status 200: {"sessionId":"4c324b5d-f22f-4ac6-af45-b4a66adc37e2","value":"<?xml version='1.0' encoding='UTF-8' standalone='yes' ?>\r\n<hierarchy index=\"0\" class=\"hierarchy\" rotation=\"0\" width=\"1080\" height=\"2138\">\r\n  <android.widget.FrameLayout index=\"0\" package=\"id.kompas.app\" class=\"android.widget.FrameLayout\" text=\"\" checkable=\"false\" checked=\"false\" clickable=\"false\" enabled=\"true\" focusable=\"false\" focused=\"false\" long-clickable=\"false\" password=\"false\" scrollable=\"false\" selected=\"false\" bounds=\"[0,0][1080,2138]\" displayed=\"true\">\r\n    <android.widget.LinearLayout index=\"0\" package=\"id.kompas.app\" class=\"android.widget.LinearLayout\" text=\"\" checkable=\"false\" checked=\"false\" clickable=\"false\" enabled=\"true\" focusable=\"false\" focused=\"false\" long-clickable=\"false\" password=\"false\" scrollable=\"false\" selected=\"false\" bounds=\"[0,0][1080,2138]\" displayed=\"true\">\r\n      <android.widget.FrameLayout index=\"0\" package=\"id.kompas.app\" class...
[35m[WD Proxy][39m Replacing sessionId 4c324b5d-f22f-4ac6-af45-b4a66adc37e2 with 3be06dcc-1c43-4bba-8ef8-0d9e99309710
[35m[HTTP][39m [37m<-- GET /wd/hub/session/3be06dcc-1c43-4bba-8ef8-0d9e99309710/source [39m[32m200[39m [90m103 ms - 59675[39m
[35m[HTTP][39m [90m[39m
[35m[HTTP][39m [37m-->[39m [37mGET[39m [37m/wd/hub/session/3be06dcc-1c43-4bba-8ef8-0d9e99309710/screenshot[39m
[35m[HTTP][39m [90m{}[39m
[debug] [35m[W3C (3be06dcc)][39m Calling AppiumDriver.getScreenshot() with args: ["3be06dcc-1c43-4bba-8ef8-0d9e99309710"]
[debug] [35m[WD Proxy][39m Matched '/screenshot' to command name 'getScreenshot'
[debug] [35m[WD Proxy][39m Proxying [GET /screenshot] to [GET http://127.0.0.1:52049/wd/hub/session/4c324b5d-f22f-4ac6-af45-b4a66adc37e2/screenshot] with no body
[debug] [35m[WD Proxy][39m Got response with status 200: {"sessionId":"4c324b5d-f22f-4ac6-af45-b4a66adc37e2","value":"iVBORw0KGgoAAAANSUhEUgAABDgAAAlgCAYAAABtGofVAAAAAXNSR0IArs4c6QAAAARzQklUCAgI\nCHwIZIgAACAASURBVHic7N15fFTV/f/x90z2SQIDIWEJgQEkshNZFHBJREFEbFFB2+qvxLZ2gVpx\nqbX9akXb+v26tWgFtVoNra27YEVRUUmoLLIJsooCk7CTbUIWkskyvz8iQyYzSSbJTCYXX8/Hg5p7\n7nbmAin3nXM+x6TZf3MJAAAAAADAwMyh7gAAAAAAAEB7EXAAAAAAAADDI+AAAAAAAACGR8ABAAAA\nAAAMj4ADAAAAAAAYHgEHAAAAAAAwPAIOAAAAAABgeAQcAAAAAADA8Ag4AAAAAACA4RFwAAAAAAAA\nwyPgAAAAAAAAhkfAAQAAAAAADI+AAwAAAAAAGB4BBwAAAAAAMDwCDgAAAAAAYHgEHAAAAAAAwPAI\nOAAAAAAAgOERcAAAAAAAAMMj4AAAAAAAAIZHwAEAAAAAAAyPgAMAAAAAABgeAQcAAAAAADA8Ag4A\nAAAAAGB4BBwAAAAAAMDwCDgAAAAAAIDhEXAAAAAAAADDI+AAAAAAAACGR8ABAAAAAAAMj4ADAAAA\nAAAYHgEHAAAAAAAwPAIOAAAAAABgeAQcAAAAAADA8Ag4AAAAAACA4RFwAAAAAAAAwyPgAAAAAAAA\nhkfAAQAAAAAADI+AAwAAAAAAGB4BBwAAAAAAMDwCDgAAAAAAYHgEHAAAAAAAwPAIOAAAAAAAgOER\ncAAAAAAAAMMj4AAAAAAAAIZHwAEAAAAAAAyPgAMAAAAAABgeAQcAAAAAADA8Ag4AAAAAAGB4BBwA\nAAAAAMDwwkPdAQDojKaO7qv7Z43RuEGJCg8zySSTJMlU/x+5XPVf17lcqq1zacv+Av3prc+1fEue\nXK4QdhwAAAD4ljJp9t/4pzgA...
[debug] [35m[W3C (3be06dcc)][39m Responding to client with driver.getScreenshot() result: "iVBORw0KGgoAAAANSUhEUgAABDgAAAlgCAYAAABtGofVAAAAAXNSR0IArs4c6QAAAARzQklUCAgI\nCHwIZIgAACAASURBVHic7N15fFTV/f/x90z2SQIDIWEJgQEkshNZFHBJREFEbFFB2+qvxLZ2gVpx\nqbX9akXb+v26tWgFtVoNra27YEVRUUmoLLIJsooCk7CTbUIWkskyvz8iQyYzSSbJTCYXX8/Hg5p7\n7nbmAin3nXM+x6TZf3MJAAAAAADAwMyh7gAAAAAAAEB7EXAAAAAAAADDI+AAAAAAAACGR8ABAAAA\nAAAMj4ADAAAAAAAYHgEHAAAAAAAwPAIOAAAAAABgeAQcAAAAAADA8Ag4AAAAAACA4RFwAAAAAAAA\nwyPgAAAAAAAAhkfAAQAAAAAADI+AAwAAAAAAGB4BBwAAAAAAMDwCDgAAAAAAYHgEHAAAAAAAwPAI\nOAAAAAAAgOERcAAAAAAAAMMj4AAAAAAAAIZHwAEAAAAAAAyPgAMAAAAAABgeAQcAAAAAADA8Ag4A\nAAAAAGB4BBwAAAAAAMDwCDgAAAAAAIDhEXAAAAAAAADDI+AAAAAAAACGR8ABAAAAAAAMj4ADAAAA\nAAAYHgEHAAAAAAAwPAIOAAAAAABgeAQcAAAAAADA8Ag4AAAAAACA4RFwAAAAAAAAwyPgAAAAAAAA\nhkfAAQAAAAAADI+AAwAAAAAAGB4BBwAAAAAAMDwCDgAAAAAAYHgEHAAAAAAAwPAIOAAAAAAAgOER\ncAAAAAAAAMMj4AAAAAAAAIZHwAEAAAAAAAyPgAMAAAAAABgeAQcAAAAAADA8Ag4AAAAAAGB4BBwA\nAAAAAMDwwkPdAQDojKaO7qv7Z43RuEGJCg8zySSTJMlU/x+5XPVf17lcqq1zacv+Av3prc+1fEue\nXK4QdhwAAAD4ljJp9t/4pzgAqD6wePSmC/Sr6SMUbja7wwx/uVxSTV2dXly1Vz9/7r8EHQAAAEAH\nYgQHgD...
[35m[HTTP][39m [37m<-- GET /wd/hub/session/3be06dcc-1c43-4bba-8ef8-0d9e99309710/screenshot [39m[32m200[39m [90m277 ms - 465820[39m
[35m[HTTP][39m [90m[39m
[35m[HTTP][39m [37m-->[39m [37mPOST[39m [37m/wd/hub/session/3be06dcc-1c43-4bba-8ef8-0d9e99309710/elements[39m
[35m[HTTP][39m [90m{"using":"xpath","value":"//*[@class = 'android.widget.TextView' and (@text = 'Muda' or . = 'Muda') and @resource-id = 'id.kompas.app:id/tv_item']"}[39m
[debug] [35m[W3C (3be06dcc)][39m Calling AppiumDriver.findElements() with args: ["xpath","//*[@class = 'android.widget.TextView' and (@text = 'Muda' or . = 'Muda') and @resource-id = 'id.kompas.app:id/tv_item']","3be06dcc-1c43-4bba-8ef8-0d9e99309710"]
[debug] [35m[BaseDriver][39m Valid locator strategies for this request: xpath, id, class name, accessibility id, css selector, -android uiautomator
[debug] [35m[BaseDriver][39m Waiting up to 60000 ms for condition
[debug] [35m[WD Proxy][39m Matched '/elements' to command name 'findElements'
[debug] [35m[WD Proxy][39m Proxying [POST /elements] to [POST http://127.0.0.1:52049/wd/hub/session/4c324b5d-f22f-4ac6-af45-b4a66adc37e2/elements] with body: {"strategy":"xpath","selector":"//*[@class = 'android.widget.TextView' and (@text = 'Muda' or . = 'Muda') and @resource-id = 'id.kompas.app:id/tv_item']","context":"","multiple":true}
[debug] [35m[WD Proxy][39m Got response with status 200: {"sessionId":"4c324b5d-f22f-4ac6-af45-b4a66adc37e2","value":[{"ELEMENT":"00000000-0000-092f-ffff-ffff0000038d","element-6066-11e4-a52e-4f735466cecf":"00000000-0000-092f-ffff-ffff0000038d"}]}
[debug] [35m[W3C (3be06dcc)][39m Responding to client with driver.findElements() result: [{"element-6066-11e4-a52e-4f735466cecf":"00000000-0000-092f-ffff-ffff0000038d","ELEMENT":"00000000-0000-092f-ffff-ffff0000038d"}]
[35m[HTTP][39m [37m<-- POST /wd/hub/session/3be06dcc-1c43-4bba-8ef8-0d9e99309710/elements [39m[32m200[39m [90m406 ms - 139[39m
[35m[HTTP][39m [90m[39m
[35m[HTTP][39m [37m-->[39m [37mGET[39m [37m/wd/hub/session/3be06dcc-1c43-4bba-8ef8-0d9e99309710/window/rect[39m
[35m[HTTP][39m [90m{}[39m
[debug] [35m[W3C (3be06dcc)][39m Calling AppiumDriver.getWindowRect() with args: ["3be06dcc-1c43-4bba-8ef8-0d9e99309710"]
[debug] [35m[WD Proxy][39m Matched '/window/current/size' to command name 'getWindowSize'
[debug] [35m[WD Proxy][39m Proxying [GET /window/current/size] to [GET http://127.0.0.1:52049/wd/hub/session/4c324b5d-f22f-4ac6-af45-b4a66adc37e2/window/current/size] with no body
[debug] [35m[WD Proxy][39m Got response with status 200: {"sessionId":"4c324b5d-f22f-4ac6-af45-b4a66adc37e2","value":{"height":2138,"width":1080}}
[debug] [35m[W3C (3be06dcc)][39m Responding to client with driver.getWindowRect() result: {"width":1080,"height":2138,"x":0,"y":0}
[35m[HTTP][39m [37m<-- GET /wd/hub/session/3be06dcc-1c43-4bba-8ef8-0d9e99309710/window/rect [39m[32m200[39m [90m12 ms - 50[39m
[35m[HTTP][39m [90m[39m
[35m[HTTP][39m [37m-->[39m [37mPOST[39m [37m/wd/hub/session/3be06dcc-1c43-4bba-8ef8-0d9e99309710/elements[39m
[35m[HTTP][39m [90m{"using":"xpath","value":"//*[@class = 'android.widget.TextView' and (@text = 'Muda' or . = 'Muda') and @resource-id = 'id.kompas.app:id/tv_item']"}[39m
[debug] [35m[W3C (3be06dcc)][39m Calling AppiumDriver.findElements() with args: ["xpath","//*[@class = 'android.widget.TextView' and (@text = 'Muda' or . = 'Muda') and @resource-id = 'id.kompas.app:id/tv_item']","3be06dcc-1c43-4bba-8ef8-0d9e99309710"]
[debug] [35m[BaseDriver][39m Valid locator strategies for this request: xpath, id, class name, accessibility id, css selector, -android uiautomator
[debug] [35m[BaseDriver][39m Waiting up to 60000 ms for condition
[debug] [35m[WD Proxy][39m Matched '/elements' to command name 'findElements'
[debug] [35m[WD Proxy][39m Proxying [POST /elements] to [POST http://127.0.0.1:52049/wd/hub/session/4c324b5d-f22f-4ac6-af45-b4a66adc37e2/elements] with body: {"strategy":"xpath","selector":"//*[@class = 'android.widget.TextView' and (@text = 'Muda' or . = 'Muda') and @resource-id = 'id.kompas.app:id/tv_item']","context":"","multiple":true}
[debug] [35m[WD Proxy][39m Got response with status 200: {"sessionId":"4c324b5d-f22f-4ac6-af45-b4a66adc37e2","value":[{"ELEMENT":"00000000-0000-092f-ffff-ffff0000038d","element-6066-11e4-a52e-4f735466cecf":"00000000-0000-092f-ffff-ffff0000038d"}]}
[debug] [35m[W3C (3be06dcc)][39m Responding to client with driver.findElements() result: [{"element-6066-11e4-a52e-4f735466cecf":"00000000-0000-092f-ffff-ffff0000038d","ELEMENT":"00000000-0000-092f-ffff-ffff0000038d"}]
[35m[HTTP][39m [37m<-- POST /wd/hub/session/3be06dcc-1c43-4bba-8ef8-0d9e99309710/elements [39m[32m200[39m [90m127 ms - 139[39m
[35m[HTTP][39m [90m[39m
[35m[HTTP][39m [37m-->[39m [37mGET[39m [37m/wd/hub/session/3be06dcc-1c43-4bba-8ef8-0d9e99309710/element/00000000-0000-092f-ffff-ffff0000038d/location[39m
[35m[HTTP][39m [90m{}[39m
[35m[W3C (3be06dcc)][39m Driver proxy active, passing request on via HTTP proxy
[debug] [35m[WD Proxy][39m Matched '/wd/hub/session/3be06dcc-1c43-4bba-8ef8-0d9e99309710/element/00000000-0000-092f-ffff-ffff0000038d/location' to command name 'getLocation'
[debug] [35m[WD Proxy][39m Proxying [GET /wd/hub/session/3be06dcc-1c43-4bba-8ef8-0d9e99309710/element/00000000-0000-092f-ffff-ffff0000038d/location] to [GET http://127.0.0.1:52049/wd/hub/session/4c324b5d-f22f-4ac6-af45-b4a66adc37e2/element/00000000-0000-092f-ffff-ffff0000038d/location] with no body
[debug] [35m[WD Proxy][39m Got response with status 200: {"sessionId":"4c324b5d-f22f-4ac6-af45-b4a66adc37e2","value":{"x":63,"y":1462}}
[35m[WD Proxy][39m Replacing sessionId 4c324b5d-f22f-4ac6-af45-b4a66adc37e2 with 3be06dcc-1c43-4bba-8ef8-0d9e99309710
[35m[HTTP][39m [37m<-- GET /wd/hub/session/3be06dcc-1c43-4bba-8ef8-0d9e99309710/element/00000000-0000-092f-ffff-ffff0000038d/location [39m[32m200[39m [90m11 ms - 78[39m
[35m[HTTP][39m [90m[39m
[35m[HTTP][39m [37m-->[39m [37mPOST[39m [37m/wd/hub/session/3be06dcc-1c43-4bba-8ef8-0d9e99309710/element/00000000-0000-092f-ffff-ffff0000038d/click[39m
[35m[HTTP][39m [90m{"id":"00000000-0000-092f-ffff-ffff0000038d"}[39m
[debug] [35m[W3C (3be06dcc)][39m Calling AppiumDriver.click() with args: ["00000000-0000-092f-ffff-ffff0000038d","3be06dcc-1c43-4bba-8ef8-0d9e99309710"]
[debug] [35m[WD Proxy][39m Matched '/element/00000000-0000-092f-ffff-ffff0000038d/click' to command name 'click'
[debug] [35m[WD Proxy][39m Proxying [POST /element/00000000-0000-092f-ffff-ffff0000038d/click] to [POST http://127.0.0.1:52049/wd/hub/session/4c324b5d-f22f-4ac6-af45-b4a66adc37e2/element/00000000-0000-092f-ffff-ffff0000038d/click] with body: {"element":"00000000-0000-092f-ffff-ffff0000038d"}
[debug] [35m[WD Proxy][39m Got response with status 200: {"sessionId":"4c324b5d-f22f-4ac6-af45-b4a66adc37e2","value":null}
[debug] [35m[W3C (3be06dcc)][39m Responding to client with driver.click() result: null
[35m[HTTP][39m [37m<-- POST /wd/hub/session/3be06dcc-1c43-4bba-8ef8-0d9e99309710/element/00000000-0000-092f-ffff-ffff0000038d/click [39m[32m200[39m [90m34 ms - 14[39m
[35m[HTTP][39m [90m[39m
[35m[HTTP][39m [37m-->[39m [37mGET[39m [37m/wd/hub/session/3be06dcc-1c43-4bba-8ef8-0d9e99309710/source[39m
[35m[HTTP][39m [90m{}[39m
[35m[W3C (3be06dcc)][39m Driver proxy active, passing request on via HTTP proxy
[debug] [35m[WD Proxy][39m Matched '/wd/hub/session/3be06dcc-1c43-4bba-8ef8-0d9e99309710/source' to command name 'getPageSource'
[debug] [35m[WD Proxy][39m Proxying [GET /wd/hub/session/3be06dcc-1c43-4bba-8ef8-0d9e99309710/source] to [GET http://127.0.0.1:52049/wd/hub/session/4c324b5d-f22f-4ac6-af45-b4a66adc37e2/source] with no body
[debug] [35m[WD Proxy][39m Got response with status 200: {"sessionId":"4c324b5d-f22f-4ac6-af45-b4a66adc37e2","value":"<?xml version='1.0' encoding='UTF-8' standalone='yes' ?>\r\n<hierarchy index=\"0\" class=\"hierarchy\" rotation=\"0\" width=\"1080\" height=\"2138\">\r\n  <android.widget.FrameLayout index=\"0\" package=\"id.kompas.app\" class=\"android.widget.FrameLayout\" text=\"\" checkable=\"false\" checked=\"false\" clickable=\"false\" enabled=\"true\" focusable=\"false\" focused=\"false\" long-clickable=\"false\" password=\"false\" scrollable=\"false\" selected=\"false\" bounds=\"[0,0][1080,2138]\" displayed=\"true\">\r\n    <android.widget.LinearLayout index=\"0\" package=\"id.kompas.app\" class=\"android.widget.LinearLayout\" text=\"\" checkable=\"false\" checked=\"false\" clickable=\"false\" enabled=\"true\" focusable=\"false\" focused=\"false\" long-clickable=\"false\" password=\"false\" scrollable=\"false\" selected=\"false\" bounds=\"[0,0][1080,2138]\" displayed=\"true\">\r\n      <android.widget.FrameLayout index=\"0\" package=\"id.kompas.app\" class...
[35m[WD Proxy][39m Replacing sessionId 4c324b5d-f22f-4ac6-af45-b4a66adc37e2 with 3be06dcc-1c43-4bba-8ef8-0d9e99309710
[35m[HTTP][39m [37m<-- GET /wd/hub/session/3be06dcc-1c43-4bba-8ef8-0d9e99309710/source [39m[32m200[39m [90m454 ms - 53031[39m
[35m[HTTP][39m [90m[39m
[35m[HTTP][39m [37m-->[39m [37mGET[39m [37m/wd/hub/session/3be06dcc-1c43-4bba-8ef8-0d9e99309710/screenshot[39m
[35m[HTTP][39m [90m{}[39m
[debug] [35m[W3C (3be06dcc)][39m Calling AppiumDriver.getScreenshot() with args: ["3be06dcc-1c43-4bba-8ef8-0d9e99309710"]
[debug] [35m[WD Proxy][39m Matched '/screenshot' to command name 'getScreenshot'
[debug] [35m[WD Proxy][39m Proxying [GET /screenshot] to [GET http://127.0.0.1:52049/wd/hub/session/4c324b5d-f22f-4ac6-af45-b4a66adc37e2/screenshot] with no body
[debug] [35m[WD Proxy][39m Got response with status 200: {"sessionId":"4c324b5d-f22f-4ac6-af45-b4a66adc37e2","value":"iVBORw0KGgoAAAANSUhEUgAABDgAAAlgCAYAAABtGofVAAAAAXNSR0IArs4c6QAAAARzQklUCAgI\nCHwIZIgAACAASURBVHic7N15nBx1gffxb1X1Nfckk8lBDiYHISGBhBAg4ZAgpxAFBQSVlbi7eLDu\nCirqwx4EV91HfFR0xVVRDsULkMMNhyCScJhAEkgkCSHkmNzHZJK5Z/qoqueP6u6Znu6Z6ZnMkUo+\n79cLMlNd/atf11RXV337dxi67meuAAAAAAAAfMwc6goAAAAAAAAcKQIOAAAAAADgewQcAAAAAADA\n9wg4AAAAAACA7xFwAAAAAAAA3yPgAAAAAAAAvkfAAQAAAAAAfI+AAwAAAAAA+B4BBwAAAAAA8D0C\nDgAAAAAA4HsEHAAAAAAAwPcIOAAAAAAAgO8RcAAAAAAAAN8j4AAAAAAAAL5HwAEAAAAAAHyPgAMA\nAAAAAPgeAQcAAAAAAPA9Ag4AAAAAAOB7BBwAAAAAAMD3CDgAAAAAAIDvEXAAAAAAAADfI+AAAAAA\nAAC+R8ABAAAAAAB8j4ADAAAAAAD4HgEHAAAAAADwPQIOAAAAAADgewQcAAAAAADA9wg4AAAAAACA\n7xFwAAAAAAAA3yPgAAAAAAAAvkfAAQAAAAAAfI+AAwAAAAAA+B4BBwAAAAAA8D0CDgAAAAAA4HsE\nHAAAAAAAwPcIOAAAAAAAgO8RcAAAAAAAAN8j4AAAAAAAAL5HwAEAAAAAAHyPgAMAAAAAAPgeAQcA\nAAAAAPA9Ag4AAAAAAOB7BBwAAAAAAMD3CDgAAAAAAIDvEXAAAAAAAADfI+AAAAAAAAC+R8ABAAAA\nAAB8j4ADAAAAAAD4XmCoKwAAR6NLZ43TndfO0dzJlQpYhgwZkiTD+0eu6/3suK5sx9WbWw/qm4+/\npSVv7pDrDmHFAQAAgOOUoet+...
[debug] [35m[W3C (3be06dcc)][39m Responding to client with driver.getScreenshot() result: "iVBORw0KGgoAAAANSUhEUgAABDgAAAlgCAYAAABtGofVAAAAAXNSR0IArs4c6QAAAARzQklUCAgI\nCHwIZIgAACAASURBVHic7N15nBx1gffxb1X1Nfckk8lBDiYHISGBhBAg4ZAgpxAFBQSVlbi7eLDu\nCirqwx4EV91HfFR0xVVRDsULkMMNhyCScJhAEkgkCSHkmNzHZJK5Z/qoqueP6u6Znu6Z6ZnMkUo+\n79cLMlNd/atf11RXV337dxi67meuAAAAAAAAfMwc6goAAAAAAAAcKQIOAAAAAADgewQcAAAAAADA\n9wg4AAAAAACA7xFwAAAAAAAA3yPgAAAAAAAAvkfAAQAAAAAAfI+AAwAAAAAA+B4BBwAAAAAA8D0C\nDgAAAAAA4HsEHAAAAAAAwPcIOAAAAAAAgO8RcAAAAAAAAN8j4AAAAAAAAL5HwAEAAAAAAHyPgAMA\nAAAAAPgeAQcAAAAAAPA9Ag4AAAAAAOB7BBwAAAAAAMD3CDgAAAAAAIDvEXAAAAAAAADfI+AAAAAA\nAAC+R8ABAAAAAAB8j4ADAAAAAAD4HgEHAAAAAADwPQIOAAAAAADgewQcAAAAAADA9wg4AAAAAACA\n7xFwAAAAAAAA3yPgAAAAAAAAvkfAAQAAAAAAfI+AAwAAAAAA+B4BBwAAAAAA8D0CDgAAAAAA4HsE\nHAAAAAAAwPcIOAAAAAAAgO8RcAAAAAAAAN8j4AAAAAAAAL5HwAEAAAAAAHyPgAMAAAAAAPgeAQcA\nAAAAAPA9Ag4AAAAAAOB7BBwAAAAAAMD3CDgAAAAAAIDvEXAAAAAAAADfI+AAAAAAAAC+R8ABAAAA\nAAB8j4ADAAAAAAD4XmCoKwAAR6NLZ43TndfO0dzJlQpYhgwZkiTD+0eu6/3suK5sx9WbWw/qm4+/\npSVv7pDrDmHFAQAAgOOUoet+xqU4AMgLLL5z49n6lytmKmCa6TAjX64rJRxHD7y0SZ+97xWCDgAA\nAGAQ0Y...
[35m[HTTP][39m [37m<-- GET /wd/hub/session/3be06dcc-1c43-4bba-8ef8-0d9e99309710/screenshot [39m[32m200[39m [90m770 ms - 2376180[39m
[35m[HTTP][39m [90m[39m
[35m[HTTP][39m [37m-->[39m [37mPOST[39m [37m/wd/hub/session/3be06dcc-1c43-4bba-8ef8-0d9e99309710/elements[39m
[35m[HTTP][39m [90m{"using":"xpath","value":"//*[@class = 'android.widget.TextView' and (@text = 'Muda' or . = 'Muda') and @resource-id = 'id.kompas.app:id/tv_category']"}[39m
[debug] [35m[W3C (3be06dcc)][39m Calling AppiumDriver.findElements() with args: ["xpath","//*[@class = 'android.widget.TextView' and (@text = 'Muda' or . = 'Muda') and @resource-id = 'id.kompas.app:id/tv_category']","3be06dcc-1c43-4bba-8ef8-0d9e99309710"]
[debug] [35m[BaseDriver][39m Valid locator strategies for this request: xpath, id, class name, accessibility id, css selector, -android uiautomator
[debug] [35m[BaseDriver][39m Waiting up to 60000 ms for condition
[debug] [35m[WD Proxy][39m Matched '/elements' to command name 'findElements'
[debug] [35m[WD Proxy][39m Proxying [POST /elements] to [POST http://127.0.0.1:52049/wd/hub/session/4c324b5d-f22f-4ac6-af45-b4a66adc37e2/elements] with body: {"strategy":"xpath","selector":"//*[@class = 'android.widget.TextView' and (@text = 'Muda' or . = 'Muda') and @resource-id = 'id.kompas.app:id/tv_category']","context":"","multiple":true}
[debug] [35m[WD Proxy][39m Got response with status 200: {"sessionId":"4c324b5d-f22f-4ac6-af45-b4a66adc37e2","value":[{"ELEMENT":"00000000-0000-092f-ffff-ffff000003d8","element-6066-11e4-a52e-4f735466cecf":"00000000-0000-092f-ffff-ffff000003d8"}]}
[debug] [35m[W3C (3be06dcc)][39m Responding to client with driver.findElements() result: [{"element-6066-11e4-a52e-4f735466cecf":"00000000-0000-092f-ffff-ffff000003d8","ELEMENT":"00000000-0000-092f-ffff-ffff000003d8"}]
[35m[HTTP][39m [37m<-- POST /wd/hub/session/3be06dcc-1c43-4bba-8ef8-0d9e99309710/elements [39m[32m200[39m [90m107 ms - 139[39m
[35m[HTTP][39m [90m[39m
[35m[HTTP][39m [37m-->[39m [37mPOST[39m [37m/wd/hub/session/3be06dcc-1c43-4bba-8ef8-0d9e99309710/elements[39m
[35m[HTTP][39m [90m{"using":"xpath","value":"//*[@class = 'android.widget.TextView' and (@text = 'Muda' or . = 'Muda') and @resource-id = 'id.kompas.app:id/tv_category']"}[39m
[debug] [35m[W3C (3be06dcc)][39m Calling AppiumDriver.findElements() with args: ["xpath","//*[@class = 'android.widget.TextView' and (@text = 'Muda' or . = 'Muda') and @resource-id = 'id.kompas.app:id/tv_category']","3be06dcc-1c43-4bba-8ef8-0d9e99309710"]
[debug] [35m[BaseDriver][39m Valid locator strategies for this request: xpath, id, class name, accessibility id, css selector, -android uiautomator
[debug] [35m[BaseDriver][39m Waiting up to 60000 ms for condition
[debug] [35m[WD Proxy][39m Matched '/elements' to command name 'findElements'
[debug] [35m[WD Proxy][39m Proxying [POST /elements] to [POST http://127.0.0.1:52049/wd/hub/session/4c324b5d-f22f-4ac6-af45-b4a66adc37e2/elements] with body: {"strategy":"xpath","selector":"//*[@class = 'android.widget.TextView' and (@text = 'Muda' or . = 'Muda') and @resource-id = 'id.kompas.app:id/tv_category']","context":"","multiple":true}
[debug] [35m[WD Proxy][39m Got response with status 200: {"sessionId":"4c324b5d-f22f-4ac6-af45-b4a66adc37e2","value":[{"ELEMENT":"00000000-0000-092f-ffff-ffff000003d8","element-6066-11e4-a52e-4f735466cecf":"00000000-0000-092f-ffff-ffff000003d8"}]}
[debug] [35m[W3C (3be06dcc)][39m Responding to client with driver.findElements() result: [{"element-6066-11e4-a52e-4f735466cecf":"00000000-0000-092f-ffff-ffff000003d8","ELEMENT":"00000000-0000-092f-ffff-ffff000003d8"}]
[35m[HTTP][39m [37m<-- POST /wd/hub/session/3be06dcc-1c43-4bba-8ef8-0d9e99309710/elements [39m[32m200[39m [90m96 ms - 139[39m
[35m[HTTP][39m [90m[39m
[35m[HTTP][39m [37m-->[39m [37mGET[39m [37m/wd/hub/session/3be06dcc-1c43-4bba-8ef8-0d9e99309710/source[39m
[35m[HTTP][39m [90m{}[39m
[35m[W3C (3be06dcc)][39m Driver proxy active, passing request on via HTTP proxy
[debug] [35m[WD Proxy][39m Matched '/wd/hub/session/3be06dcc-1c43-4bba-8ef8-0d9e99309710/source' to command name 'getPageSource'
[debug] [35m[WD Proxy][39m Proxying [GET /wd/hub/session/3be06dcc-1c43-4bba-8ef8-0d9e99309710/source] to [GET http://127.0.0.1:52049/wd/hub/session/4c324b5d-f22f-4ac6-af45-b4a66adc37e2/source] with no body
[debug] [35m[WD Proxy][39m Got response with status 200: {"sessionId":"4c324b5d-f22f-4ac6-af45-b4a66adc37e2","value":"<?xml version='1.0' encoding='UTF-8' standalone='yes' ?>\r\n<hierarchy index=\"0\" class=\"hierarchy\" rotation=\"0\" width=\"1080\" height=\"2138\">\r\n  <android.widget.FrameLayout index=\"0\" package=\"id.kompas.app\" class=\"android.widget.FrameLayout\" text=\"\" checkable=\"false\" checked=\"false\" clickable=\"false\" enabled=\"true\" focusable=\"false\" focused=\"false\" long-clickable=\"false\" password=\"false\" scrollable=\"false\" selected=\"false\" bounds=\"[0,0][1080,2138]\" displayed=\"true\">\r\n    <android.widget.LinearLayout index=\"0\" package=\"id.kompas.app\" class=\"android.widget.LinearLayout\" text=\"\" checkable=\"false\" checked=\"false\" clickable=\"false\" enabled=\"true\" focusable=\"false\" focused=\"false\" long-clickable=\"false\" password=\"false\" scrollable=\"false\" selected=\"false\" bounds=\"[0,0][1080,2138]\" displayed=\"true\">\r\n      <android.widget.FrameLayout index=\"0\" package=\"id.kompas.app\" class...
[35m[WD Proxy][39m Replacing sessionId 4c324b5d-f22f-4ac6-af45-b4a66adc37e2 with 3be06dcc-1c43-4bba-8ef8-0d9e99309710
[35m[HTTP][39m [37m<-- GET /wd/hub/session/3be06dcc-1c43-4bba-8ef8-0d9e99309710/source [39m[32m200[39m [90m64 ms - 53031[39m
[35m[HTTP][39m [90m[39m
[35m[HTTP][39m [37m-->[39m [37mGET[39m [37m/wd/hub/session/3be06dcc-1c43-4bba-8ef8-0d9e99309710/screenshot[39m
[35m[HTTP][39m [90m{}[39m
[debug] [35m[W3C (3be06dcc)][39m Calling AppiumDriver.getScreenshot() with args: ["3be06dcc-1c43-4bba-8ef8-0d9e99309710"]
[debug] [35m[WD Proxy][39m Matched '/screenshot' to command name 'getScreenshot'
[debug] [35m[WD Proxy][39m Proxying [GET /screenshot] to [GET http://127.0.0.1:52049/wd/hub/session/4c324b5d-f22f-4ac6-af45-b4a66adc37e2/screenshot] with no body
[debug] [35m[WD Proxy][39m Got response with status 200: {"sessionId":"4c324b5d-f22f-4ac6-af45-b4a66adc37e2","value":"iVBORw0KGgoAAAANSUhEUgAABDgAAAlgCAYAAABtGofVAAAAAXNSR0IArs4c6QAAAARzQklUCAgI\nCHwIZIgAACAASURBVHic7N15nBx1gffxb1V19/Tck0wmB7kmJwkEEkKAhDPILUFQQEBRorsosrrC\nKurDrktwPVZ8VNxHXBWVQ7wAETQgikDCYQIJIZEkhJCEyX1MJnNf3V1Vzx893dM9XT3TM5kjlXze\nrxdkprr6V7+uqa6u+vbvMHTtT10BAAAAAAD4mDnUFQAAAAAAADhcBBwAAAAAAMD3CDgAAAAAAIDv\nEXAAAAAAAADfI+AAAAAAAAC+R8ABAAAAAAB8j4ADAAAAAAD4HgEHAAAAAADwPQIOAAAAAADgewQc\nAAAAAADA9wg4AAAAAACA7xFwAAAAAAAA3yPgAAAAAAAAvkfAAQAAAAAAfI+AAwAAAAAA+B4BBwAA\nAAAA8D0CDgAAAAAA4HsEHAAAAAAAwPcIOAAAAAAAgO8RcAAAAAAAAN8j4AAAAAAAAL5HwAEAAAAA\nAHyPgAMAAAAAAPgeAQcAAAAAAPA9Ag4AAAAAAOB7BBwAAAAAAMD3CDgAAAAAAIDvEXAAAAAAAADf\nI+AAAAAAAAC+R8ABAAAAAAB8j4ADAAAAAAD4HgEHAAAAAADwPQIOAAAAAADgewQcAAAAAADA9wg4\nAAAAAACA7xFwAAAAAAAA3yPgAAAAAAAAvkfAAQAAAAAAfI+AAwAAAAAA+B4BBwAAAAAA8D0CDgAA\nAAAA4HsEHAAAAAAAwPcIOAAAAAAAgO8RcAAAAAAAAN8j4AAAAAAAAL5HwAEAAAAAAHyPgAMAAAAA\nAPgeAQcAAAAAAPC9wFBXAACORBfPHqe7rpmreVMqFLAMGTIkSUb8H7lu/GfHdWU7rtZsO6hvPPGm\nlq7ZIdcdwooDAAAAxyhD1/6U...
[debug] [35m[W3C (3be06dcc)][39m Responding to client with driver.getScreenshot() result: "iVBORw0KGgoAAAANSUhEUgAABDgAAAlgCAYAAABtGofVAAAAAXNSR0IArs4c6QAAAARzQklUCAgI\nCHwIZIgAACAASURBVHic7N15nBx1gffxb1V19/Tck0wmB7kmJwkEEkKAhDPILUFQQEBRorsosrrC\nKurDrktwPVZ8VNxHXBWVQ7wAETQgikDCYQIJIZEkhJCEyX1MJnNf3V1Vzx893dM9XT3TM5kjlXze\nrxdkprr6V7+uqa6u+vbvMHTtT10BAAAAAAD4mDnUFQAAAAAAADhcBBwAAAAAAMD3CDgAAAAAAIDv\nEXAAAAAAAADfI+AAAAAAAAC+R8ABAAAAAAB8j4ADAAAAAAD4HgEHAAAAAADwPQIOAAAAAADgewQc\nAAAAAADA9wg4AAAAAACA7xFwAAAAAAAA3yPgAAAAAAAAvkfAAQAAAAAAfI+AAwAAAAAA+B4BBwAA\nAAAA8D0CDgAAAAAA4HsEHAAAAAAAwPcIOAAAAAAAgO8RcAAAAAAAAN8j4AAAAAAAAL5HwAEAAAAA\nAHyPgAMAAAAAAPgeAQcAAAAAAPA9Ag4AAAAAAOB7BBwAAAAAAMD3CDgAAAAAAIDvEXAAAAAAAADf\nI+AAAAAAAAC+R8ABAAAAAAB8j4ADAAAAAAD4HgEHAAAAAADwPQIOAAAAAADgewQcAAAAAADA9wg4\nAAAAAACA7xFwAAAAAAAA3yPgAAAAAAAAvkfAAQAAAAAAfI+AAwAAAAAA+B4BBwAAAAAA8D0CDgAA\nAAAA4HsEHAAAAAAAwPcIOAAAAAAAgO8RcAAAAAAAAN8j4AAAAAAAAL5HwAEAAAAAAHyPgAMAAAAA\nAPgeAQcAAAAAAPC9wFBXAACORBfPHqe7rpmreVMqFLAMGTIkSUb8H7lu/GfHdWU7rtZsO6hvPPGm\nlq7ZIdcdwooDAAAAxyhD1/6US3EAUDyw+M6NZ+hf3z9LAdNMhhm5cl0p5jh64MXNuuX+lwk6AAAA\ngEFECw...
[35m[HTTP][39m [37m<-- GET /wd/hub/session/3be06dcc-1c43-4bba-8ef8-0d9e99309710/screenshot [39m[32m200[39m [90m710 ms - 2376984[39m
[35m[HTTP][39m [90m[39m
[35m[HTTP][39m [37m-->[39m [37mDELETE[39m [37m/wd/hub/session/3be06dcc-1c43-4bba-8ef8-0d9e99309710[39m
[35m[HTTP][39m [90m{}[39m
[debug] [35m[W3C (3be06dcc)][39m Calling AppiumDriver.deleteSession() with args: ["3be06dcc-1c43-4bba-8ef8-0d9e99309710"]
[debug] [35m[BaseDriver][39m Event 'quitSessionRequested' logged at 1692713321628 (21:08:41 GMT+0700 (Western Indonesia Time))
[35m[Appium][39m Removing session 3be06dcc-1c43-4bba-8ef8-0d9e99309710 from our master session list
[debug] [35m[UiAutomator2][39m Deleting UiAutomator2 session
[debug] [35m[UiAutomator2][39m Deleting UiAutomator2 server session
[debug] [35m[WD Proxy][39m Matched '/' to command name 'deleteSession'
[debug] [35m[WD Proxy][39m Proxying [DELETE /] to [DELETE http://127.0.0.1:52049/wd/hub/session/4c324b5d-f22f-4ac6-af45-b4a66adc37e2] with no body
[debug] [35m[WD Proxy][39m Got response with status 200: {"sessionId":"4c324b5d-f22f-4ac6-af45-b4a66adc37e2","value":null}
[debug] [35m[ADB][39m Running 'C:\Users\akbar\AppData\Local\Android\Sdk\platform-tools\adb.exe -P 5037 -s emulator-5554 shell am force-stop id.kompas.app'
[debug] [35m[Logcat][39m Stopping logcat capture
[debug] [35m[ADB][39m Removing forwarded port socket connection: 52049 
[debug] [35m[ADB][39m Running 'C:\Users\akbar\AppData\Local\Android\Sdk\platform-tools\adb.exe -P 5037 -s emulator-5554 forward --remove tcp:52049'
[35m[UiAutomator2][39m Restoring hidden api policy to the device default configuration
[debug] [35m[ADB][39m Running 'C:\Users\akbar\AppData\Local\Android\Sdk\platform-tools\adb.exe -P 5037 -s emulator-5554 shell 'settings delete global hidden_api_policy_pre_p_apps;settings delete global hidden_api_policy_p_apps;settings delete global hidden_api_policy''
[debug] [35m[BaseDriver][39m Event 'quitSessionFinished' logged at 1692713321862 (21:08:41 GMT+0700 (Western Indonesia Time))
[debug] [35m[W3C (3be06dcc)][39m Received response: null
[debug] [35m[W3C (3be06dcc)][39m But deleting session, so not returning
[debug] [35m[W3C (3be06dcc)][39m Responding to client with driver.deleteSession() result: null
[35m[HTTP][39m [37m<-- DELETE /wd/hub/session/3be06dcc-1c43-4bba-8ef8-0d9e99309710 [39m[32m200[39m [90m235 ms - 14[39m
[35m[HTTP][39m [90m[39m
